<?xml version="1.0" encoding="UTF-8" ?>
<testsuites>
  <testsuite errors="0" failures="0" hostname="karthikeyan-PC" id="0" name="TestSuite" package="" skipped="0" tests="3" time="0.218" timestamp="2019-04-28T04:44:37">
      <properties>
[...]
</properties>

      <testcase classname="AntExecutionTestCaseFirst" name="loginTest" time="0.0" />

      <testcase classname="AntExecutionTestCaseTwo" name="logoutTest" time="0.0" />

      <testcase classname="AntExecutionTestCaseThree" name="testExecution" time="0.0" />

      <system-out><![CDATA[Execution via Ant for first test case
Execution via Ant for second test case
Executing third test case
]]></system-out>

      <system-err><![CDATA[]]></system-err>

  </testsuite>
</testsuites>
